λ– μ¤λ¥Έ ν’€μ΄λ²•

"μ΄μ§„ νƒμƒ‰ ν™μ©"

inputμ€ μ •λ ¬λ μƒνƒλ΅ μ κ³µλλ‹¤. μ΄λ¥Ό ν™μ©ν•΄μ„ λ‘ κ°μ ν¬μΈν„° μ¤‘ μ–΄λ ν¬μΈν„°λ¥Ό μ¤„μ—¬ λ²”μ„λ¥Ό μΆνμ§€λ¥Ό μ •ν•  μ μλ‹¤
μ…λ ¥κ°’μ€ μ–‘μ, μμ λ‘ κ°μ λ°°μ—΄λ΅ λ‚λλ‹¤.

μ–‘μ λ°°μ—΄μ—μ„ κ°’μ„ ν•λ‚μ”© λλ©΄μ„ μ–‘μ ν•λ‚μ— λ€ν•΄μ„ μμ μ „μ²΄ λ°°μ—΄μ— μ΄μ§„νƒμƒ‰μ„ μ§„ν–‰ν•λ‹¤.

μμ λ°°μ—΄μ΄ λ¨Όμ € μ…λ ¥κ°’μΌλ΅ λ“¤μ–΄μ¤λ―€λ΅, μ¤λ¦„μ°¨μμΌλ΅ λ°°μ—΄μ— λ„£λ”λ‹¤ (μ…λ ¥ λ°›λ” μμ„λ€λ΅)

ex)
              4
      ------- vs ------
 -99         -2        -1
  ^(left *)             ^(right *)


μ΄μ§„ νƒμƒ‰ λ²”μ„μ—μ„ λ”ν• κ°’μ΄
π”Έμμ μ¤‘μ—μ„ μ λ“κ°’ min κ°’μ΄ λ‚μ¤λ©΄ ν¬μΈν„°λ¥Ό μ¤λ¥Έμ½μΌλ΅ μ®κΈ°κ³  (left pointer = mid pointer), μμ min κ°’λ³΄λ‹¤ μ λ“κ°’μ΄ ν° κ²½μ°λ” λ°μƒν•μ§€ μ•λ”λ‹¤
    - κ·Έ μ΄μ λ” μ •λ ¬λ μƒνƒμ΄κΈ° λ•λ¬Έμ— μ΄λ―Έ μ΄μ „μ— ν¬μΈν„° λ²”μ„λ¥Ό μ¤„μ€μΌλ―€λ΅ μμμ΄λ©΄μ„ μ λ“κ°’μ΄ λ” ν°κ² λ‚μ¬ μ μ—†λ‹¤
π”Έμ–‘μ μ¤‘μ—μ„ μ λ“κ°’ min κ°’μ΄ λ‚μ¤λ©΄ ν¬μΈν„°λ¥Ό μ™Όμ½μΌλ΅ μ®κΈ°κ³  (right pointer = mid pointer), μ–‘μ min κ°’λ³΄λ‹¤ μ λ“κ°’μ΄ ν° κ²½μ°λ” λ°μƒν•μ§€ μ•λ”λ‹¤

ν¬μΈν„°μ λ²”μ„κ°€ μΆν€μ§€λ‹¤κ°€ λ§λ‚κ±°λ‚ λ°”λ΅ μ΄μ›ƒν•λ” κ²½μ°μ— λ‘ ν¬μΈν„° μ„μΉμ μ λ“κ°’μ„ λΉ„κµν•΄μ„ ν•΄λ‹Ή μ–‘μμ μµμ μ λ‹µμ„ κµ¬ν•κ³ , global μµμ  κ°’μ΄λ‘ λΉ„κµλ¥Ό ν•λ‹¤

ν„μ¬ μƒκ°μ¤‘μΈ κ²½μ°μ μλ”

1. μμ ν¬μΈν„°λ§ μλ” κ²½μ°
2. μ–‘μ ν¬μΈν„°λ§ μλ” κ²½μ°
3. μμ μ–‘μ ν¬μΈν„° λ¨λ‘ μλ” κ²½μ°

1λ²μ κ²½μ°:
7
-14 -11 -10 -9 -8
 ^L             ^R
 min: -3 (7 - 10)

-14 -11 -10 -9 -8
         ^L     ^R
min: -2 (7 - 9)

-14 -11 -10 -9 -8
             ^L ^R
min: -2 vs -1
     => -1

λ²”μ„κ°€ κ³„μ† μ¤λ¥Έμ½μΌλ΅ μΆν€μ§€λ‹¤κ°€ λ§λ‚κ² λλ‹¤

2λ²μ κ²½μ°:
7
-5 -4 -3 -2 -1
1λ²κ³Ό λ°λ€λ΅ λ²”μ„κ°€ μ™Όμ½μΌλ΅ μΆν€μ§€λ‹¤κ°€ λ§λ‚κ² λλ‹¤

3λ²μ κ²½μ°:
λ²”μ„κ°€ μΆν€μ§€λ‹¤κ°€ μ¤‘κ°„μ—μ„ μ–‘μminκ³Ό μμ minμ΄ λ§λ‚κ² λλ‹¤
λ§λ‚κ² λ  κ²½μ° λ‘ κ°’μ μ λ€κ°’μ„ λΉ„κµν•λ©΄ λλ‹¤

=======================================================

μ•—!! κ°„κ³Όν•κ² μμ—λ‹¤.. μμ μ©μ•΅λΌλ¦¬λ„ μ„μΌ μ μλ‹¤λ” κ²ƒμ„...
κ·Έλ¬λ©΄ μ§€κΈκΉμ§€ μƒκ°ν• ν’€μ΄λ” λ‹¤μ‹ μƒκ°ν•΄λ΄μ•Όκ² λ‹¤..

μ•„λ‹λ‹¤.. λ§μ•½ ν•μ½μ— λ‹¤ μΉμ°μ³μ Έ μμΌλ©΄ μ λ“κ°’ κ°€μ¥ μ‘μ€κ±° λ‘κ° μ¶λ ¥ν•λ©΄ λλ‹κΉ!!
μ§„ν–‰μ‹μΌ~!!!!

κ·Έλμ„ μµμΆ…μ μΌλ΅ λΉ„κµν•΄μ•Όν•λ” κ°’μ€
μ΄μ§„νƒμƒ‰μΌλ΅ μ°Ύμ€ κ°’ vs μμ μ¤‘ μ λ“κ°’ κ°€μ¥ μ‘μ€ λ‘ κ°μ ν•© vs μ–‘μ μ¤‘ μ λ“κ°’ κ°€μ¥ μ‘μ€ λ‘κ°μ ν•©
3κ°μ κ°’ λ¨λ‘ μμ„ μλ„ μκ³  μ—†μ„ μλ„ μλ‹¤

========================================================

κ·Έλ¬λ©΄ μ΄μ  μ „μ²΄μ μΈ ν”λ΅μ°λ¥Ό μƒκ°ν•λ©΄

1. μμλ” μ…λ ¥ λ°›μ•„μ„ λ°°μ—΄μ— λ„£κΈ°
μμλ¶€ν„° μ…λ ¥μ„ λ°›μΌλ―€λ΅ λ°›λ” μ΅±μ΅± λ°°μ—΄μ— μ €μ¥ν•κΈ°

2. μ–‘μκ°€ λ‚μ¤λ©΄ ν•΄λ‹Ή κ°’λ¶€ν„° μ΄μ§„νƒμƒ‰ μ‹μ‘

3. μ΄μ§„νƒμƒ‰ μµμ† μ λ€κ°’, μμ λ§μ§€λ§‰ κ°’ 2κ°μ ν•©μ μ λ€κ°’, μ–‘μ μ²μ 2κ° ν•©μ μ λ“κ°’ 3κ°μ¤‘ μµμ†κ°’ μ¶λ ¥


========================================================

























